<?xml version="1.0" encoding="UTF-8"?>
<coverage generated="1692229532910" clover="3.2.0">
  <project timestamp="1692229532910" name="All files">
    <metrics statements="77" coveredstatements="77" conditionals="66" coveredconditionals="65" methods="13" coveredmethods="13" elements="156" coveredelements="155" complexity="0" loc="77" ncloc="77" packages="3" files="6" classes="6"/>
    <package name="components.Button">
      <metrics statements="73" coveredstatements="73" conditionals="66" coveredconditionals="65" methods="12" coveredmethods="12"/>
      <file name="index.tsx" path="/Users/gabrielsantos/Dev/awesome-gcl/src/components/Button/index.tsx">
        <metrics statements="4" coveredstatements="4" conditionals="4" coveredconditionals="4" methods="1" coveredmethods="1"/>
        <line num="1" count="1" type="stmt"/>
        <line num="2" count="1" type="stmt"/>
        <line num="5" count="1" type="stmt"/>
        <line num="14" count="22" type="stmt"/>
      </file>
      <file name="styles.ts" path="/Users/gabrielsantos/Dev/awesome-gcl/src/components/Button/styles.ts">
        <metrics statements="69" coveredstatements="69" conditionals="62" coveredconditionals="61" methods="11" coveredmethods="11"/>
        <line num="1" count="1" type="stmt"/>
        <line num="3" count="1" type="stmt"/>
        <line num="4" count="1" type="stmt"/>
        <line num="16" count="1" type="stmt"/>
        <line num="17" count="154" type="stmt"/>
        <line num="19" count="22" type="cond" truecount="2" falsecount="0"/>
        <line num="30" count="22" type="cond" truecount="3" falsecount="0"/>
        <line num="32" count="1" type="stmt"/>
        <line num="34" count="20" type="stmt"/>
        <line num="36" count="1" type="stmt"/>
        <line num="41" count="22" type="cond" truecount="3" falsecount="0"/>
        <line num="43" count="1" type="stmt"/>
        <line num="45" count="20" type="stmt"/>
        <line num="47" count="1" type="stmt"/>
        <line num="52" count="22" type="cond" truecount="3" falsecount="0"/>
        <line num="54" count="1" type="stmt"/>
        <line num="56" count="20" type="stmt"/>
        <line num="58" count="1" type="stmt"/>
        <line num="66" count="22" type="cond" truecount="9" falsecount="0"/>
        <line num="68" count="14" type="stmt"/>
        <line num="70" count="1" type="stmt"/>
        <line num="72" count="1" type="stmt"/>
        <line num="74" count="1" type="stmt"/>
        <line num="76" count="1" type="stmt"/>
        <line num="78" count="1" type="stmt"/>
        <line num="80" count="1" type="stmt"/>
        <line num="82" count="1" type="stmt"/>
        <line num="84" count="1" type="stmt"/>
        <line num="89" count="22" type="cond" truecount="9" falsecount="0"/>
        <line num="91" count="14" type="stmt"/>
        <line num="93" count="1" type="stmt"/>
        <line num="95" count="1" type="stmt"/>
        <line num="97" count="1" type="stmt"/>
        <line num="99" count="1" type="stmt"/>
        <line num="101" count="1" type="stmt"/>
        <line num="103" count="1" type="stmt"/>
        <line num="105" count="1" type="stmt"/>
        <line num="107" count="1" type="stmt"/>
        <line num="112" count="22" type="cond" truecount="9" falsecount="0"/>
        <line num="114" count="14" type="stmt"/>
        <line num="116" count="1" type="stmt"/>
        <line num="118" count="1" type="stmt"/>
        <line num="120" count="1" type="stmt"/>
        <line num="122" count="1" type="stmt"/>
        <line num="124" count="1" type="stmt"/>
        <line num="126" count="1" type="stmt"/>
        <line num="128" count="1" type="stmt"/>
        <line num="130" count="1" type="stmt"/>
        <line num="136" count="22" type="cond" truecount="9" falsecount="0"/>
        <line num="138" count="14" type="stmt"/>
        <line num="140" count="1" type="stmt"/>
        <line num="142" count="1" type="stmt"/>
        <line num="144" count="1" type="stmt"/>
        <line num="146" count="1" type="stmt"/>
        <line num="148" count="1" type="stmt"/>
        <line num="150" count="1" type="stmt"/>
        <line num="152" count="1" type="stmt"/>
        <line num="154" count="1" type="stmt"/>
        <line num="159" count="22" type="cond" truecount="9" falsecount="0"/>
        <line num="161" count="14" type="stmt"/>
        <line num="163" count="1" type="stmt"/>
        <line num="165" count="1" type="stmt"/>
        <line num="167" count="1" type="stmt"/>
        <line num="169" count="1" type="stmt"/>
        <line num="171" count="1" type="stmt"/>
        <line num="173" count="1" type="stmt"/>
        <line num="175" count="1" type="stmt"/>
        <line num="177" count="1" type="stmt"/>
        <line num="187" count="22" type="cond" truecount="5" falsecount="1"/>
      </file>
    </package>
    <package name="styles">
      <metrics statements="2" coveredstatements="2" conditionals="0" coveredconditionals="0" methods="0" coveredmethods="0"/>
      <file name="index.ts" path="/Users/gabrielsantos/Dev/awesome-gcl/src/styles/index.ts">
        <metrics statements="1" coveredstatements="1" conditionals="0" coveredconditionals="0" methods="0" coveredmethods="0"/>
        <line num="1" count="1" type="stmt"/>
      </file>
      <file name="theme.ts" path="/Users/gabrielsantos/Dev/awesome-gcl/src/styles/theme.ts">
        <metrics statements="1" coveredstatements="1" conditionals="0" coveredconditionals="0" methods="0" coveredmethods="0"/>
        <line num="1" count="1" type="stmt"/>
      </file>
    </package>
    <package name="utils">
      <metrics statements="2" coveredstatements="2" conditionals="0" coveredconditionals="0" methods="1" coveredmethods="1"/>
      <file name="index.ts" path="/Users/gabrielsantos/Dev/awesome-gcl/src/utils/index.ts">
        <metrics statements="1" coveredstatements="1" conditionals="0" coveredconditionals="0" methods="0" coveredmethods="0"/>
        <line num="1" count="1" type="stmt"/>
      </file>
      <file name="toRem.ts" path="/Users/gabrielsantos/Dev/awesome-gcl/src/utils/toRem.ts">
        <metrics statements="1" coveredstatements="1" conditionals="0" coveredconditionals="0" methods="1" coveredmethods="1"/>
        <line num="1" count="106" type="stmt"/>
      </file>
    </package>
  </project>
</coverage>
