{"/Users/gabrielsantos/Dev/awesome-gcl/src/components/Button/index.tsx": {"path":"/Users/gabrielsantos/Dev/awesome-gcl/src/components/Button/index.tsx","statementMap":{"0":{"start":{"line":1,"column":0},"end":{"line":1,"column":25}},"1":{"start":{"line":2,"column":0},"end":{"line":2,"column":34}},"2":{"start":{"line":5,"column":22},"end":{"line":24,"column":null}},"3":{"start":{"line":14,"column":2},"end":{"line":23,"column":null}},"4":{"start":{"line":5,"column":13},"end":{"line":5,"column":22}}},"fnMap":{"0":{"name":"(anonymous_7)","decl":{"start":{"line":5,"column":22},"end":{"line":5,"column":23}},"loc":{"start":{"line":14,"column":2},"end":{"line":23,"column":null}}}},"branchMap":{"0":{"loc":{"start":{"line":7,"column":2},"end":{"line":7,"column":17}},"type":"default-arg","locations":[{"start":{"line":7,"column":9},"end":{"line":7,"column":17}}]},"1":{"loc":{"start":{"line":8,"column":2},"end":{"line":8,"column":17}},"type":"default-arg","locations":[{"start":{"line":8,"column":9},"end":{"line":8,"column":17}}]},"2":{"loc":{"start":{"line":9,"column":2},"end":{"line":9,"column":25}},"type":"default-arg","locations":[{"start":{"line":9,"column":16},"end":{"line":9,"column":25}}]},"3":{"loc":{"start":{"line":11,"column":2},"end":{"line":11,"column":18}},"type":"default-arg","locations":[{"start":{"line":11,"column":13},"end":{"line":11,"column":18}}]}},"s":{"0":1,"1":1,"2":1,"3":22,"4":1},"f":{"0":22},"b":{"0":[20],"1":[19],"2":[13],"3":[20]}}
,"/Users/gabrielsantos/Dev/awesome-gcl/src/components/Button/styles.ts": {"path":"/Users/gabrielsantos/Dev/awesome-gcl/src/components/Button/styles.ts","statementMap":{"0":{"start":{"line":1,"column":0},"end":{"line":1,"column":39}},"1":{"start":{"line":3,"column":0},"end":{"line":3,"column":36}},"2":{"start":{"line":4,"column":0},"end":{"line":4,"column":44}},"3":{"start":{"line":16,"column":13},"end":{"line":189,"column":2}},"4":{"start":{"line":17,"column":31},"end":{"line":17,"column":62}},"5":{"start":{"line":19,"column":30},"end":{"line":19,"column":66}},"6":{"start":{"line":30,"column":4},"end":{"line":37,"column":null}},"7":{"start":{"line":32,"column":8},"end":{"line":32,"column":null}},"8":{"start":{"line":34,"column":8},"end":{"line":34,"column":null}},"9":{"start":{"line":36,"column":8},"end":{"line":36,"column":null}},"10":{"start":{"line":41,"column":4},"end":{"line":48,"column":null}},"11":{"start":{"line":43,"column":8},"end":{"line":43,"column":null}},"12":{"start":{"line":45,"column":8},"end":{"line":45,"column":null}},"13":{"start":{"line":47,"column":8},"end":{"line":47,"column":null}},"14":{"start":{"line":52,"column":4},"end":{"line":59,"column":null}},"15":{"start":{"line":54,"column":8},"end":{"line":54,"column":null}},"16":{"start":{"line":56,"column":8},"end":{"line":56,"column":null}},"17":{"start":{"line":58,"column":8},"end":{"line":58,"column":null}},"18":{"start":{"line":66,"column":4},"end":{"line":85,"column":null}},"19":{"start":{"line":68,"column":8},"end":{"line":68,"column":null}},"20":{"start":{"line":70,"column":8},"end":{"line":70,"column":null}},"21":{"start":{"line":72,"column":8},"end":{"line":72,"column":null}},"22":{"start":{"line":74,"column":8},"end":{"line":74,"column":null}},"23":{"start":{"line":76,"column":8},"end":{"line":76,"column":null}},"24":{"start":{"line":78,"column":8},"end":{"line":78,"column":null}},"25":{"start":{"line":80,"column":8},"end":{"line":80,"column":null}},"26":{"start":{"line":82,"column":8},"end":{"line":82,"column":null}},"27":{"start":{"line":84,"column":8},"end":{"line":84,"column":null}},"28":{"start":{"line":89,"column":4},"end":{"line":108,"column":null}},"29":{"start":{"line":91,"column":8},"end":{"line":91,"column":null}},"30":{"start":{"line":93,"column":8},"end":{"line":93,"column":null}},"31":{"start":{"line":95,"column":8},"end":{"line":95,"column":null}},"32":{"start":{"line":97,"column":8},"end":{"line":97,"column":null}},"33":{"start":{"line":99,"column":8},"end":{"line":99,"column":null}},"34":{"start":{"line":101,"column":8},"end":{"line":101,"column":null}},"35":{"start":{"line":103,"column":8},"end":{"line":103,"column":null}},"36":{"start":{"line":105,"column":8},"end":{"line":105,"column":null}},"37":{"start":{"line":107,"column":8},"end":{"line":107,"column":null}},"38":{"start":{"line":112,"column":4},"end":{"line":131,"column":null}},"39":{"start":{"line":114,"column":8},"end":{"line":114,"column":null}},"40":{"start":{"line":116,"column":8},"end":{"line":116,"column":null}},"41":{"start":{"line":118,"column":8},"end":{"line":118,"column":null}},"42":{"start":{"line":120,"column":8},"end":{"line":120,"column":null}},"43":{"start":{"line":122,"column":8},"end":{"line":122,"column":null}},"44":{"start":{"line":124,"column":8},"end":{"line":124,"column":null}},"45":{"start":{"line":126,"column":8},"end":{"line":126,"column":null}},"46":{"start":{"line":128,"column":8},"end":{"line":128,"column":null}},"47":{"start":{"line":130,"column":8},"end":{"line":130,"column":null}},"48":{"start":{"line":136,"column":6},"end":{"line":155,"column":null}},"49":{"start":{"line":138,"column":10},"end":{"line":138,"column":null}},"50":{"start":{"line":140,"column":10},"end":{"line":140,"column":null}},"51":{"start":{"line":142,"column":10},"end":{"line":142,"column":null}},"52":{"start":{"line":144,"column":10},"end":{"line":144,"column":null}},"53":{"start":{"line":146,"column":10},"end":{"line":146,"column":null}},"54":{"start":{"line":148,"column":10},"end":{"line":148,"column":null}},"55":{"start":{"line":150,"column":10},"end":{"line":150,"column":null}},"56":{"start":{"line":152,"column":10},"end":{"line":152,"column":null}},"57":{"start":{"line":154,"column":10},"end":{"line":154,"column":null}},"58":{"start":{"line":159,"column":6},"end":{"line":178,"column":null}},"59":{"start":{"line":161,"column":10},"end":{"line":161,"column":null}},"60":{"start":{"line":163,"column":10},"end":{"line":163,"column":null}},"61":{"start":{"line":165,"column":10},"end":{"line":165,"column":null}},"62":{"start":{"line":167,"column":10},"end":{"line":167,"column":null}},"63":{"start":{"line":169,"column":10},"end":{"line":169,"column":null}},"64":{"start":{"line":171,"column":10},"end":{"line":171,"column":null}},"65":{"start":{"line":173,"column":10},"end":{"line":173,"column":null}},"66":{"start":{"line":175,"column":10},"end":{"line":175,"column":null}},"67":{"start":{"line":177,"column":10},"end":{"line":177,"column":null}},"68":{"start":{"line":187,"column":45},"end":{"line":187,"column":119}}},"fnMap":{"0":{"name":"(anonymous_1)","decl":{"start":{"line":17,"column":21},"end":{"line":17,"column":22}},"loc":{"start":{"line":17,"column":31},"end":{"line":17,"column":62}}},"1":{"name":"(anonymous_2)","decl":{"start":{"line":19,"column":12},"end":{"line":19,"column":13}},"loc":{"start":{"line":19,"column":30},"end":{"line":19,"column":66}}},"2":{"name":"(anonymous_3)","decl":{"start":{"line":29,"column":15},"end":{"line":29,"column":16}},"loc":{"start":{"line":29,"column":28},"end":{"line":38,"column":3}}},"3":{"name":"(anonymous_4)","decl":{"start":{"line":40,"column":17},"end":{"line":40,"column":18}},"loc":{"start":{"line":40,"column":30},"end":{"line":49,"column":3}}},"4":{"name":"(anonymous_5)","decl":{"start":{"line":51,"column":13},"end":{"line":51,"column":14}},"loc":{"start":{"line":51,"column":26},"end":{"line":60,"column":3}}},"5":{"name":"(anonymous_6)","decl":{"start":{"line":65,"column":18},"end":{"line":65,"column":19}},"loc":{"start":{"line":65,"column":38},"end":{"line":86,"column":3}}},"6":{"name":"(anonymous_7)","decl":{"start":{"line":88,"column":11},"end":{"line":88,"column":12}},"loc":{"start":{"line":88,"column":31},"end":{"line":109,"column":3}}},"7":{"name":"(anonymous_8)","decl":{"start":{"line":111,"column":22},"end":{"line":111,"column":23}},"loc":{"start":{"line":111,"column":42},"end":{"line":132,"column":3}}},"8":{"name":"(anonymous_9)","decl":{"start":{"line":135,"column":20},"end":{"line":135,"column":21}},"loc":{"start":{"line":135,"column":40},"end":{"line":156,"column":5}}},"9":{"name":"(anonymous_10)","decl":{"start":{"line":158,"column":24},"end":{"line":158,"column":25}},"loc":{"start":{"line":158,"column":44},"end":{"line":179,"column":5}}},"10":{"name":"(anonymous_11)","decl":{"start":{"line":187,"column":24},"end":{"line":187,"column":25}},"loc":{"start":{"line":187,"column":45},"end":{"line":187,"column":119}}}},"branchMap":{"0":{"loc":{"start":{"line":19,"column":30},"end":{"line":19,"column":66}},"type":"cond-expr","locations":[{"start":{"line":19,"column":41},"end":{"line":19,"column":54}},{"start":{"line":19,"column":57},"end":{"line":19,"column":66}}]},"1":{"loc":{"start":{"line":30,"column":4},"end":{"line":37,"column":null}},"type":"switch","locations":[{"start":{"line":31,"column":6},"end":{"line":32,"column":null}},{"start":{"line":33,"column":6},"end":{"line":34,"column":null}},{"start":{"line":35,"column":6},"end":{"line":36,"column":null}}]},"2":{"loc":{"start":{"line":41,"column":4},"end":{"line":48,"column":null}},"type":"switch","locations":[{"start":{"line":42,"column":6},"end":{"line":43,"column":null}},{"start":{"line":44,"column":6},"end":{"line":45,"column":null}},{"start":{"line":46,"column":6},"end":{"line":47,"column":null}}]},"3":{"loc":{"start":{"line":52,"column":4},"end":{"line":59,"column":null}},"type":"switch","locations":[{"start":{"line":53,"column":6},"end":{"line":54,"column":null}},{"start":{"line":55,"column":6},"end":{"line":56,"column":null}},{"start":{"line":57,"column":6},"end":{"line":58,"column":null}}]},"4":{"loc":{"start":{"line":66,"column":4},"end":{"line":85,"column":null}},"type":"switch","locations":[{"start":{"line":67,"column":6},"end":{"line":68,"column":null}},{"start":{"line":69,"column":6},"end":{"line":70,"column":null}},{"start":{"line":71,"column":6},"end":{"line":72,"column":null}},{"start":{"line":73,"column":6},"end":{"line":74,"column":null}},{"start":{"line":75,"column":6},"end":{"line":76,"column":null}},{"start":{"line":77,"column":6},"end":{"line":78,"column":null}},{"start":{"line":79,"column":6},"end":{"line":80,"column":null}},{"start":{"line":81,"column":6},"end":{"line":82,"column":null}},{"start":{"line":83,"column":6},"end":{"line":84,"column":null}}]},"5":{"loc":{"start":{"line":89,"column":4},"end":{"line":108,"column":null}},"type":"switch","locations":[{"start":{"line":90,"column":6},"end":{"line":91,"column":null}},{"start":{"line":92,"column":6},"end":{"line":93,"column":null}},{"start":{"line":94,"column":6},"end":{"line":95,"column":null}},{"start":{"line":96,"column":6},"end":{"line":97,"column":null}},{"start":{"line":98,"column":6},"end":{"line":99,"column":null}},{"start":{"line":100,"column":6},"end":{"line":101,"column":null}},{"start":{"line":102,"column":6},"end":{"line":103,"column":null}},{"start":{"line":104,"column":6},"end":{"line":105,"column":null}},{"start":{"line":106,"column":6},"end":{"line":107,"column":null}}]},"6":{"loc":{"start":{"line":112,"column":4},"end":{"line":131,"column":null}},"type":"switch","locations":[{"start":{"line":113,"column":6},"end":{"line":114,"column":null}},{"start":{"line":115,"column":6},"end":{"line":116,"column":null}},{"start":{"line":117,"column":6},"end":{"line":118,"column":null}},{"start":{"line":119,"column":6},"end":{"line":120,"column":null}},{"start":{"line":121,"column":6},"end":{"line":122,"column":null}},{"start":{"line":123,"column":6},"end":{"line":124,"column":null}},{"start":{"line":125,"column":6},"end":{"line":126,"column":null}},{"start":{"line":127,"column":6},"end":{"line":128,"column":null}},{"start":{"line":129,"column":6},"end":{"line":130,"column":null}}]},"7":{"loc":{"start":{"line":136,"column":6},"end":{"line":155,"column":null}},"type":"switch","locations":[{"start":{"line":137,"column":8},"end":{"line":138,"column":null}},{"start":{"line":139,"column":8},"end":{"line":140,"column":null}},{"start":{"line":141,"column":8},"end":{"line":142,"column":null}},{"start":{"line":143,"column":8},"end":{"line":144,"column":null}},{"start":{"line":145,"column":8},"end":{"line":146,"column":null}},{"start":{"line":147,"column":8},"end":{"line":148,"column":null}},{"start":{"line":149,"column":8},"end":{"line":150,"column":null}},{"start":{"line":151,"column":8},"end":{"line":152,"column":null}},{"start":{"line":153,"column":8},"end":{"line":154,"column":null}}]},"8":{"loc":{"start":{"line":159,"column":6},"end":{"line":178,"column":null}},"type":"switch","locations":[{"start":{"line":160,"column":8},"end":{"line":161,"column":null}},{"start":{"line":162,"column":8},"end":{"line":163,"column":null}},{"start":{"line":164,"column":8},"end":{"line":165,"column":null}},{"start":{"line":166,"column":8},"end":{"line":167,"column":null}},{"start":{"line":168,"column":8},"end":{"line":169,"column":null}},{"start":{"line":170,"column":8},"end":{"line":171,"column":null}},{"start":{"line":172,"column":8},"end":{"line":173,"column":null}},{"start":{"line":174,"column":8},"end":{"line":175,"column":null}},{"start":{"line":176,"column":8},"end":{"line":177,"column":null}}]},"9":{"loc":{"start":{"line":187,"column":45},"end":{"line":187,"column":119}},"type":"cond-expr","locations":[{"start":{"line":187,"column":80},"end":{"line":187,"column":99}},{"start":{"line":187,"column":102},"end":{"line":187,"column":119}}]},"10":{"loc":{"start":{"line":187,"column":45},"end":{"line":187,"column":77}},"type":"cond-expr","locations":[{"start":{"line":187,"column":56},"end":{"line":187,"column":58}},{"start":{"line":187,"column":45},"end":{"line":187,"column":77}}]},"11":{"loc":{"start":{"line":187,"column":45},"end":{"line":187,"column":58}},"type":"binary-expr","locations":[{"start":{"line":187,"column":45},"end":{"line":187,"column":58}},{"start":{"line":187,"column":45},"end":{"line":187,"column":58}}]}},"s":{"0":1,"1":1,"2":1,"3":1,"4":154,"5":22,"6":22,"7":1,"8":20,"9":1,"10":22,"11":1,"12":20,"13":1,"14":22,"15":1,"16":20,"17":1,"18":22,"19":14,"20":1,"21":1,"22":1,"23":1,"24":1,"25":1,"26":1,"27":1,"28":22,"29":14,"30":1,"31":1,"32":1,"33":1,"34":1,"35":1,"36":1,"37":1,"38":22,"39":14,"40":1,"41":1,"42":1,"43":1,"44":1,"45":1,"46":1,"47":1,"48":22,"49":14,"50":1,"51":1,"52":1,"53":1,"54":1,"55":1,"56":1,"57":1,"58":22,"59":14,"60":1,"61":1,"62":1,"63":1,"64":1,"65":1,"66":1,"67":1,"68":22},"f":{"0":154,"1":22,"2":22,"3":22,"4":22,"5":22,"6":22,"7":22,"8":22,"9":22,"10":22},"b":{"0":[2,20],"1":[1,20,1],"2":[1,20,1],"3":[1,20,1],"4":[14,1,1,1,1,1,1,1,1],"5":[14,1,1,1,1,1,1,1,1],"6":[14,1,1,1,1,1,1,1,1],"7":[14,1,1,1,1,1,1,1,1],"8":[14,1,1,1,1,1,1,1,1],"9":[17,5],"10":[0,22],"11":[22,22]}}
,"/Users/gabrielsantos/Dev/awesome-gcl/src/components/Select/index.tsx": {"path":"/Users/gabrielsantos/Dev/awesome-gcl/src/components/Select/index.tsx","statementMap":{"0":{"start":{"line":1,"column":0},"end":{"line":1,"column":25}},"1":{"start":{"line":2,"column":0},"end":{"line":2,"column":34}},"2":{"start":{"line":4,"column":0},"end":{"line":4,"column":64}},"3":{"start":{"line":5,"column":0},"end":{"line":5,"column":65}},"4":{"start":{"line":6,"column":0},"end":{"line":6,"column":35}},"5":{"start":{"line":7,"column":0},"end":{"line":7,"column":43}},"6":{"start":{"line":9,"column":22},"end":{"line":76,"column":1}},"7":{"start":{"line":19,"column":15},"end":{"line":19,"column":26}},"8":{"start":{"line":21,"column":2},"end":{"line":75,"column":null}},"9":{"start":{"line":61,"column":10},"end":{"line":70,"column":null}},"10":{"start":{"line":65,"column":14},"end":{"line":65,"column":31}},"11":{"start":{"line":66,"column":14},"end":{"line":66,"column":null}},"12":{"start":{"line":9,"column":13},"end":{"line":9,"column":22}}},"fnMap":{"0":{"name":"(anonymous_7)","decl":{"start":{"line":9,"column":22},"end":{"line":9,"column":23}},"loc":{"start":{"line":18,"column":32},"end":{"line":76,"column":1}}},"1":{"name":"(anonymous_8)","decl":{"start":{"line":60,"column":21},"end":{"line":60,"column":27}},"loc":{"start":{"line":61,"column":10},"end":{"line":70,"column":null}}},"2":{"name":"(anonymous_9)","decl":{"start":{"line":64,"column":21},"end":{"line":64,"column":24}},"loc":{"start":{"line":64,"column":26},"end":{"line":67,"column":13}}}},"branchMap":{"0":{"loc":{"start":{"line":16,"column":2},"end":{"line":16,"column":18}},"type":"default-arg","locations":[{"start":{"line":16,"column":13},"end":{"line":16,"column":18}}]},"1":{"loc":{"start":{"line":26,"column":7},"end":{"line":31,"column":null}},"type":"binary-expr","locations":[{"start":{"line":26,"column":7},"end":{"line":26,"column":12}},{"start":{"line":27,"column":8},"end":{"line":30,"column":null}}]},"2":{"loc":{"start":{"line":39,"column":17},"end":{"line":39,"column":32}},"type":"cond-expr","locations":[{"start":{"line":39,"column":25},"end":{"line":39,"column":27}},{"start":{"line":39,"column":17},"end":{"line":39,"column":32}}]},"3":{"loc":{"start":{"line":39,"column":17},"end":{"line":39,"column":27}},"type":"binary-expr","locations":[{"start":{"line":39,"column":17},"end":{"line":39,"column":27}},{"start":{"line":39,"column":17},"end":{"line":39,"column":27}}]},"4":{"loc":{"start":{"line":44,"column":9},"end":{"line":53,"column":null}},"type":"cond-expr","locations":[{"start":{"line":45,"column":10},"end":{"line":47,"column":null}},{"start":{"line":50,"column":10},"end":{"line":52,"column":null}}]}},"s":{"0":1,"1":1,"2":1,"3":1,"4":1,"5":1,"6":1,"7":10,"8":10,"9":30,"10":1,"11":1,"12":1},"f":{"0":10,"1":30,"2":1},"b":{"0":[10],"1":[10,1],"2":[9,1],"3":[10,10],"4":[1,9]}}
,"/Users/gabrielsantos/Dev/awesome-gcl/src/components/Select/styles.ts": {"path":"/Users/gabrielsantos/Dev/awesome-gcl/src/components/Select/styles.ts","statementMap":{"0":{"start":{"line":1,"column":0},"end":{"line":1,"column":39}},"1":{"start":{"line":2,"column":0},"end":{"line":2,"column":36}},"2":{"start":{"line":3,"column":0},"end":{"line":3,"column":38}},"3":{"start":{"line":6,"column":13},"end":{"line":14,"column":null}},"4":{"start":{"line":16,"column":13},"end":{"line":20,"column":null}},"5":{"start":{"line":22,"column":13},"end":{"line":28,"column":null}},"6":{"start":{"line":30,"column":13},"end":{"line":45,"column":null}},"7":{"start":{"line":31,"column":31},"end":{"line":31,"column":57}},"8":{"start":{"line":34,"column":29},"end":{"line":34,"column":53}},"9":{"start":{"line":47,"column":13},"end":{"line":54,"column":null}}},"fnMap":{"0":{"name":"(anonymous_1)","decl":{"start":{"line":31,"column":21},"end":{"line":31,"column":22}},"loc":{"start":{"line":31,"column":31},"end":{"line":31,"column":57}}},"1":{"name":"(anonymous_2)","decl":{"start":{"line":34,"column":13},"end":{"line":34,"column":14}},"loc":{"start":{"line":34,"column":29},"end":{"line":34,"column":53}}}},"branchMap":{"0":{"loc":{"start":{"line":34,"column":29},"end":{"line":34,"column":53}},"type":"cond-expr","locations":[{"start":{"line":34,"column":38},"end":{"line":34,"column":44}},{"start":{"line":34,"column":47},"end":{"line":34,"column":53}}]}},"s":{"0":1,"1":1,"2":1,"3":1,"4":1,"5":1,"6":1,"7":30,"8":10,"9":1},"f":{"0":30,"1":10},"b":{"0":[2,8]}}
,"/Users/gabrielsantos/Dev/awesome-gcl/src/components/Select/Components/index.ts": {"path":"/Users/gabrielsantos/Dev/awesome-gcl/src/components/Select/Components/index.ts","statementMap":{"0":{"start":{"line":1,"column":0},"end":{"line":1,"column":31}}},"fnMap":{},"branchMap":{},"s":{"0":1},"f":{},"b":{}}
,"/Users/gabrielsantos/Dev/awesome-gcl/src/components/Select/Components/InputWrapper/index.tsx": {"path":"/Users/gabrielsantos/Dev/awesome-gcl/src/components/Select/Components/InputWrapper/index.tsx","statementMap":{"0":{"start":{"line":1,"column":0},"end":{"line":1,"column":26}},"1":{"start":{"line":2,"column":0},"end":{"line":2,"column":34}},"2":{"start":{"line":5,"column":28},"end":{"line":24,"column":null}},"3":{"start":{"line":9,"column":39},"end":{"line":24,"column":null}},"4":{"start":{"line":5,"column":13},"end":{"line":5,"column":28}}},"fnMap":{"0":{"name":"(anonymous_7)","decl":{"start":{"line":5,"column":28},"end":{"line":5,"column":29}},"loc":{"start":{"line":9,"column":39},"end":{"line":24,"column":null}}}},"branchMap":{"0":{"loc":{"start":{"line":9,"column":39},"end":{"line":24,"column":null}},"type":"cond-expr","locations":[{"start":{"line":11,"column":4},"end":{"line":15,"column":null}},{"start":{"line":18,"column":4},"end":{"line":23,"column":null}}]}},"s":{"0":2,"1":2,"2":2,"3":14,"4":2},"f":{"0":14},"b":{"0":[2,12]}}
,"/Users/gabrielsantos/Dev/awesome-gcl/src/components/Select/Components/InputWrapper/styles.ts": {"path":"/Users/gabrielsantos/Dev/awesome-gcl/src/components/Select/Components/InputWrapper/styles.ts","statementMap":{"0":{"start":{"line":1,"column":0},"end":{"line":1,"column":39}},"1":{"start":{"line":3,"column":0},"end":{"line":3,"column":44}},"2":{"start":{"line":4,"column":0},"end":{"line":4,"column":42}},"3":{"start":{"line":6,"column":13},"end":{"line":16,"column":null}},"4":{"start":{"line":14,"column":30},"end":{"line":14,"column":66}},"5":{"start":{"line":15,"column":40},"end":{"line":15,"column":90}}},"fnMap":{"0":{"name":"(anonymous_1)","decl":{"start":{"line":14,"column":12},"end":{"line":14,"column":13}},"loc":{"start":{"line":14,"column":30},"end":{"line":14,"column":66}}},"1":{"name":"(anonymous_2)","decl":{"start":{"line":15,"column":22},"end":{"line":15,"column":23}},"loc":{"start":{"line":15,"column":40},"end":{"line":15,"column":90}}}},"branchMap":{"0":{"loc":{"start":{"line":14,"column":30},"end":{"line":14,"column":66}},"type":"cond-expr","locations":[{"start":{"line":14,"column":41},"end":{"line":14,"column":54}},{"start":{"line":14,"column":57},"end":{"line":14,"column":66}}]},"1":{"loc":{"start":{"line":15,"column":40},"end":{"line":15,"column":90}},"type":"cond-expr","locations":[{"start":{"line":15,"column":51},"end":{"line":15,"column":70}},{"start":{"line":15,"column":73},"end":{"line":15,"column":90}}]}},"s":{"0":2,"1":2,"2":2,"3":2,"4":14,"5":14},"f":{"0":14,"1":14},"b":{"0":[2,12],"1":[2,12]}}
,"/Users/gabrielsantos/Dev/awesome-gcl/src/components/Select/hooks/index.ts": {"path":"/Users/gabrielsantos/Dev/awesome-gcl/src/components/Select/hooks/index.ts","statementMap":{"0":{"start":{"line":1,"column":0},"end":{"line":1,"column":27}}},"fnMap":{},"branchMap":{},"s":{"0":1},"f":{},"b":{}}
,"/Users/gabrielsantos/Dev/awesome-gcl/src/components/Select/hooks/useSelect.ts": {"path":"/Users/gabrielsantos/Dev/awesome-gcl/src/components/Select/hooks/useSelect.ts","statementMap":{"0":{"start":{"line":1,"column":0},"end":{"line":1,"column":39}},"1":{"start":{"line":4,"column":42},"end":{"line":9,"column":1}},"2":{"start":{"line":7,"column":36},"end":{"line":9,"column":1}},"3":{"start":{"line":8,"column":2},"end":{"line":8,"column":null}},"4":{"start":{"line":4,"column":13},"end":{"line":4,"column":42}},"5":{"start":{"line":11,"column":25},"end":{"line":21,"column":1}},"6":{"start":{"line":12,"column":56},"end":{"line":12,"column":71}},"7":{"start":{"line":14,"column":2},"end":{"line":20,"column":null}},"8":{"start":{"line":11,"column":13},"end":{"line":11,"column":25}}},"fnMap":{"0":{"name":"(anonymous_0)","decl":{"start":{"line":4,"column":42},"end":{"line":4,"column":43}},"loc":{"start":{"line":7,"column":36},"end":{"line":9,"column":1}}},"1":{"name":"(anonymous_1)","decl":{"start":{"line":7,"column":36},"end":{"line":7,"column":39}},"loc":{"start":{"line":7,"column":41},"end":{"line":9,"column":1}}},"2":{"name":"(anonymous_2)","decl":{"start":{"line":11,"column":25},"end":{"line":11,"column":28}},"loc":{"start":{"line":11,"column":30},"end":{"line":21,"column":1}}}},"branchMap":{},"s":{"0":1,"1":1,"2":11,"3":4,"4":1,"5":1,"6":10,"7":10,"8":1},"f":{"0":11,"1":4,"2":10},"b":{}}
,"/Users/gabrielsantos/Dev/awesome-gcl/src/styles/index.ts": {"path":"/Users/gabrielsantos/Dev/awesome-gcl/src/styles/index.ts","statementMap":{"0":{"start":{"line":1,"column":0},"end":{"line":1,"column":23}}},"fnMap":{},"branchMap":{},"s":{"0":3},"f":{},"b":{}}
,"/Users/gabrielsantos/Dev/awesome-gcl/src/styles/theme.ts": {"path":"/Users/gabrielsantos/Dev/awesome-gcl/src/styles/theme.ts","statementMap":{"0":{"start":{"line":1,"column":13},"end":{"line":41,"column":null}}},"fnMap":{},"branchMap":{},"s":{"0":3},"f":{},"b":{}}
,"/Users/gabrielsantos/Dev/awesome-gcl/src/utils/index.ts": {"path":"/Users/gabrielsantos/Dev/awesome-gcl/src/utils/index.ts","statementMap":{"0":{"start":{"line":1,"column":0},"end":{"line":1,"column":23}}},"fnMap":{},"branchMap":{},"s":{"0":3},"f":{},"b":{}}
,"/Users/gabrielsantos/Dev/awesome-gcl/src/utils/toRem.ts": {"path":"/Users/gabrielsantos/Dev/awesome-gcl/src/utils/toRem.ts","statementMap":{"0":{"start":{"line":1,"column":21},"end":{"line":1,"column":66}},"1":{"start":{"line":1,"column":48},"end":{"line":1,"column":66}},"2":{"start":{"line":1,"column":13},"end":{"line":1,"column":21}}},"fnMap":{"0":{"name":"(anonymous_0)","decl":{"start":{"line":1,"column":21},"end":{"line":1,"column":22}},"loc":{"start":{"line":1,"column":48},"end":{"line":1,"column":66}}}},"branchMap":{},"s":{"0":3,"1":125,"2":3},"f":{"0":125},"b":{}}
}
