{"/Users/gabrielsantos/Dev/awesome-gcl/src/components/Button/index.tsx": {"path":"/Users/gabrielsantos/Dev/awesome-gcl/src/components/Button/index.tsx","statementMap":{"0":{"start":{"line":1,"column":0},"end":{"line":1,"column":25}},"1":{"start":{"line":2,"column":0},"end":{"line":2,"column":34}},"2":{"start":{"line":5,"column":22},"end":{"line":24,"column":null}},"3":{"start":{"line":14,"column":2},"end":{"line":23,"column":null}},"4":{"start":{"line":5,"column":13},"end":{"line":5,"column":22}}},"fnMap":{"0":{"name":"(anonymous_7)","decl":{"start":{"line":5,"column":22},"end":{"line":5,"column":23}},"loc":{"start":{"line":14,"column":2},"end":{"line":23,"column":null}}}},"branchMap":{"0":{"loc":{"start":{"line":7,"column":2},"end":{"line":7,"column":17}},"type":"default-arg","locations":[{"start":{"line":7,"column":9},"end":{"line":7,"column":17}}]},"1":{"loc":{"start":{"line":8,"column":2},"end":{"line":8,"column":17}},"type":"default-arg","locations":[{"start":{"line":8,"column":9},"end":{"line":8,"column":17}}]},"2":{"loc":{"start":{"line":9,"column":2},"end":{"line":9,"column":25}},"type":"default-arg","locations":[{"start":{"line":9,"column":16},"end":{"line":9,"column":25}}]},"3":{"loc":{"start":{"line":11,"column":2},"end":{"line":11,"column":18}},"type":"default-arg","locations":[{"start":{"line":11,"column":13},"end":{"line":11,"column":18}}]}},"s":{"0":1,"1":1,"2":1,"3":22,"4":1},"f":{"0":22},"b":{"0":[20],"1":[19],"2":[13],"3":[20]}}
,"/Users/gabrielsantos/Dev/awesome-gcl/src/components/Button/styles.ts": {"path":"/Users/gabrielsantos/Dev/awesome-gcl/src/components/Button/styles.ts","statementMap":{"0":{"start":{"line":1,"column":0},"end":{"line":1,"column":39}},"1":{"start":{"line":3,"column":0},"end":{"line":3,"column":36}},"2":{"start":{"line":4,"column":0},"end":{"line":4,"column":44}},"3":{"start":{"line":16,"column":13},"end":{"line":205,"column":2}},"4":{"start":{"line":17,"column":31},"end":{"line":17,"column":62}},"5":{"start":{"line":19,"column":30},"end":{"line":19,"column":66}},"6":{"start":{"line":30,"column":4},"end":{"line":39,"column":null}},"7":{"start":{"line":32,"column":8},"end":{"line":32,"column":null}},"8":{"start":{"line":34,"column":8},"end":{"line":34,"column":null}},"9":{"start":{"line":36,"column":8},"end":{"line":36,"column":null}},"10":{"start":{"line":38,"column":8},"end":{"line":38,"column":14}},"11":{"start":{"line":43,"column":4},"end":{"line":52,"column":null}},"12":{"start":{"line":45,"column":8},"end":{"line":45,"column":null}},"13":{"start":{"line":47,"column":8},"end":{"line":47,"column":null}},"14":{"start":{"line":49,"column":8},"end":{"line":49,"column":null}},"15":{"start":{"line":51,"column":8},"end":{"line":51,"column":null}},"16":{"start":{"line":56,"column":4},"end":{"line":65,"column":null}},"17":{"start":{"line":58,"column":8},"end":{"line":58,"column":null}},"18":{"start":{"line":60,"column":8},"end":{"line":60,"column":null}},"19":{"start":{"line":62,"column":8},"end":{"line":62,"column":null}},"20":{"start":{"line":64,"column":8},"end":{"line":64,"column":null}},"21":{"start":{"line":72,"column":4},"end":{"line":93,"column":null}},"22":{"start":{"line":74,"column":8},"end":{"line":74,"column":null}},"23":{"start":{"line":76,"column":8},"end":{"line":76,"column":null}},"24":{"start":{"line":78,"column":8},"end":{"line":78,"column":null}},"25":{"start":{"line":80,"column":8},"end":{"line":80,"column":null}},"26":{"start":{"line":82,"column":8},"end":{"line":82,"column":null}},"27":{"start":{"line":84,"column":8},"end":{"line":84,"column":null}},"28":{"start":{"line":86,"column":8},"end":{"line":86,"column":null}},"29":{"start":{"line":88,"column":8},"end":{"line":88,"column":null}},"30":{"start":{"line":90,"column":8},"end":{"line":90,"column":null}},"31":{"start":{"line":92,"column":8},"end":{"line":92,"column":null}},"32":{"start":{"line":97,"column":4},"end":{"line":118,"column":null}},"33":{"start":{"line":99,"column":8},"end":{"line":99,"column":null}},"34":{"start":{"line":101,"column":8},"end":{"line":101,"column":null}},"35":{"start":{"line":103,"column":8},"end":{"line":103,"column":null}},"36":{"start":{"line":105,"column":8},"end":{"line":105,"column":null}},"37":{"start":{"line":107,"column":8},"end":{"line":107,"column":null}},"38":{"start":{"line":109,"column":8},"end":{"line":109,"column":null}},"39":{"start":{"line":111,"column":8},"end":{"line":111,"column":null}},"40":{"start":{"line":113,"column":8},"end":{"line":113,"column":null}},"41":{"start":{"line":115,"column":8},"end":{"line":115,"column":null}},"42":{"start":{"line":117,"column":8},"end":{"line":117,"column":null}},"43":{"start":{"line":122,"column":4},"end":{"line":143,"column":null}},"44":{"start":{"line":124,"column":8},"end":{"line":124,"column":null}},"45":{"start":{"line":126,"column":8},"end":{"line":126,"column":null}},"46":{"start":{"line":128,"column":8},"end":{"line":128,"column":null}},"47":{"start":{"line":130,"column":8},"end":{"line":130,"column":null}},"48":{"start":{"line":132,"column":8},"end":{"line":132,"column":null}},"49":{"start":{"line":134,"column":8},"end":{"line":134,"column":null}},"50":{"start":{"line":136,"column":8},"end":{"line":136,"column":null}},"51":{"start":{"line":138,"column":8},"end":{"line":138,"column":null}},"52":{"start":{"line":140,"column":8},"end":{"line":140,"column":null}},"53":{"start":{"line":142,"column":8},"end":{"line":142,"column":null}},"54":{"start":{"line":148,"column":6},"end":{"line":169,"column":null}},"55":{"start":{"line":150,"column":10},"end":{"line":150,"column":null}},"56":{"start":{"line":152,"column":10},"end":{"line":152,"column":null}},"57":{"start":{"line":154,"column":10},"end":{"line":154,"column":null}},"58":{"start":{"line":156,"column":10},"end":{"line":156,"column":null}},"59":{"start":{"line":158,"column":10},"end":{"line":158,"column":null}},"60":{"start":{"line":160,"column":10},"end":{"line":160,"column":null}},"61":{"start":{"line":162,"column":10},"end":{"line":162,"column":null}},"62":{"start":{"line":164,"column":10},"end":{"line":164,"column":null}},"63":{"start":{"line":166,"column":10},"end":{"line":166,"column":null}},"64":{"start":{"line":168,"column":10},"end":{"line":168,"column":null}},"65":{"start":{"line":173,"column":6},"end":{"line":194,"column":null}},"66":{"start":{"line":175,"column":10},"end":{"line":175,"column":null}},"67":{"start":{"line":177,"column":10},"end":{"line":177,"column":null}},"68":{"start":{"line":179,"column":10},"end":{"line":179,"column":null}},"69":{"start":{"line":181,"column":10},"end":{"line":181,"column":null}},"70":{"start":{"line":183,"column":10},"end":{"line":183,"column":null}},"71":{"start":{"line":185,"column":10},"end":{"line":185,"column":null}},"72":{"start":{"line":187,"column":10},"end":{"line":187,"column":null}},"73":{"start":{"line":189,"column":10},"end":{"line":189,"column":null}},"74":{"start":{"line":191,"column":10},"end":{"line":191,"column":null}},"75":{"start":{"line":193,"column":10},"end":{"line":193,"column":null}},"76":{"start":{"line":203,"column":45},"end":{"line":203,"column":119}}},"fnMap":{"0":{"name":"(anonymous_1)","decl":{"start":{"line":17,"column":21},"end":{"line":17,"column":22}},"loc":{"start":{"line":17,"column":31},"end":{"line":17,"column":62}}},"1":{"name":"(anonymous_2)","decl":{"start":{"line":19,"column":12},"end":{"line":19,"column":13}},"loc":{"start":{"line":19,"column":30},"end":{"line":19,"column":66}}},"2":{"name":"(anonymous_3)","decl":{"start":{"line":29,"column":15},"end":{"line":29,"column":16}},"loc":{"start":{"line":29,"column":28},"end":{"line":40,"column":3}}},"3":{"name":"(anonymous_4)","decl":{"start":{"line":42,"column":17},"end":{"line":42,"column":18}},"loc":{"start":{"line":42,"column":30},"end":{"line":53,"column":3}}},"4":{"name":"(anonymous_5)","decl":{"start":{"line":55,"column":13},"end":{"line":55,"column":14}},"loc":{"start":{"line":55,"column":26},"end":{"line":66,"column":3}}},"5":{"name":"(anonymous_6)","decl":{"start":{"line":71,"column":18},"end":{"line":71,"column":19}},"loc":{"start":{"line":71,"column":38},"end":{"line":94,"column":3}}},"6":{"name":"(anonymous_7)","decl":{"start":{"line":96,"column":11},"end":{"line":96,"column":12}},"loc":{"start":{"line":96,"column":31},"end":{"line":119,"column":3}}},"7":{"name":"(anonymous_8)","decl":{"start":{"line":121,"column":22},"end":{"line":121,"column":23}},"loc":{"start":{"line":121,"column":42},"end":{"line":144,"column":3}}},"8":{"name":"(anonymous_9)","decl":{"start":{"line":147,"column":20},"end":{"line":147,"column":21}},"loc":{"start":{"line":147,"column":40},"end":{"line":170,"column":5}}},"9":{"name":"(anonymous_10)","decl":{"start":{"line":172,"column":24},"end":{"line":172,"column":25}},"loc":{"start":{"line":172,"column":44},"end":{"line":195,"column":5}}},"10":{"name":"(anonymous_11)","decl":{"start":{"line":203,"column":24},"end":{"line":203,"column":25}},"loc":{"start":{"line":203,"column":45},"end":{"line":203,"column":119}}}},"branchMap":{"0":{"loc":{"start":{"line":19,"column":30},"end":{"line":19,"column":66}},"type":"cond-expr","locations":[{"start":{"line":19,"column":41},"end":{"line":19,"column":54}},{"start":{"line":19,"column":57},"end":{"line":19,"column":66}}]},"1":{"loc":{"start":{"line":30,"column":4},"end":{"line":39,"column":null}},"type":"switch","locations":[{"start":{"line":31,"column":6},"end":{"line":32,"column":null}},{"start":{"line":33,"column":6},"end":{"line":34,"column":null}},{"start":{"line":35,"column":6},"end":{"line":36,"column":null}},{"start":{"line":37,"column":6},"end":{"line":38,"column":14}}]},"2":{"loc":{"start":{"line":43,"column":4},"end":{"line":52,"column":null}},"type":"switch","locations":[{"start":{"line":44,"column":6},"end":{"line":45,"column":null}},{"start":{"line":46,"column":6},"end":{"line":47,"column":null}},{"start":{"line":48,"column":6},"end":{"line":49,"column":null}},{"start":{"line":50,"column":6},"end":{"line":51,"column":null}}]},"3":{"loc":{"start":{"line":56,"column":4},"end":{"line":65,"column":null}},"type":"switch","locations":[{"start":{"line":57,"column":6},"end":{"line":58,"column":null}},{"start":{"line":59,"column":6},"end":{"line":60,"column":null}},{"start":{"line":61,"column":6},"end":{"line":62,"column":null}},{"start":{"line":63,"column":6},"end":{"line":64,"column":null}}]},"4":{"loc":{"start":{"line":72,"column":4},"end":{"line":93,"column":null}},"type":"switch","locations":[{"start":{"line":73,"column":6},"end":{"line":74,"column":null}},{"start":{"line":75,"column":6},"end":{"line":76,"column":null}},{"start":{"line":77,"column":6},"end":{"line":78,"column":null}},{"start":{"line":79,"column":6},"end":{"line":80,"column":null}},{"start":{"line":81,"column":6},"end":{"line":82,"column":null}},{"start":{"line":83,"column":6},"end":{"line":84,"column":null}},{"start":{"line":85,"column":6},"end":{"line":86,"column":null}},{"start":{"line":87,"column":6},"end":{"line":88,"column":null}},{"start":{"line":89,"column":6},"end":{"line":90,"column":null}},{"start":{"line":91,"column":6},"end":{"line":92,"column":null}}]},"5":{"loc":{"start":{"line":97,"column":4},"end":{"line":118,"column":null}},"type":"switch","locations":[{"start":{"line":98,"column":6},"end":{"line":99,"column":null}},{"start":{"line":100,"column":6},"end":{"line":101,"column":null}},{"start":{"line":102,"column":6},"end":{"line":103,"column":null}},{"start":{"line":104,"column":6},"end":{"line":105,"column":null}},{"start":{"line":106,"column":6},"end":{"line":107,"column":null}},{"start":{"line":108,"column":6},"end":{"line":109,"column":null}},{"start":{"line":110,"column":6},"end":{"line":111,"column":null}},{"start":{"line":112,"column":6},"end":{"line":113,"column":null}},{"start":{"line":114,"column":6},"end":{"line":115,"column":null}},{"start":{"line":116,"column":6},"end":{"line":117,"column":null}}]},"6":{"loc":{"start":{"line":122,"column":4},"end":{"line":143,"column":null}},"type":"switch","locations":[{"start":{"line":123,"column":6},"end":{"line":124,"column":null}},{"start":{"line":125,"column":6},"end":{"line":126,"column":null}},{"start":{"line":127,"column":6},"end":{"line":128,"column":null}},{"start":{"line":129,"column":6},"end":{"line":130,"column":null}},{"start":{"line":131,"column":6},"end":{"line":132,"column":null}},{"start":{"line":133,"column":6},"end":{"line":134,"column":null}},{"start":{"line":135,"column":6},"end":{"line":136,"column":null}},{"start":{"line":137,"column":6},"end":{"line":138,"column":null}},{"start":{"line":139,"column":6},"end":{"line":140,"column":null}},{"start":{"line":141,"column":6},"end":{"line":142,"column":null}}]},"7":{"loc":{"start":{"line":148,"column":6},"end":{"line":169,"column":null}},"type":"switch","locations":[{"start":{"line":149,"column":8},"end":{"line":150,"column":null}},{"start":{"line":151,"column":8},"end":{"line":152,"column":null}},{"start":{"line":153,"column":8},"end":{"line":154,"column":null}},{"start":{"line":155,"column":8},"end":{"line":156,"column":null}},{"start":{"line":157,"column":8},"end":{"line":158,"column":null}},{"start":{"line":159,"column":8},"end":{"line":160,"column":null}},{"start":{"line":161,"column":8},"end":{"line":162,"column":null}},{"start":{"line":163,"column":8},"end":{"line":164,"column":null}},{"start":{"line":165,"column":8},"end":{"line":166,"column":null}},{"start":{"line":167,"column":8},"end":{"line":168,"column":null}}]},"8":{"loc":{"start":{"line":173,"column":6},"end":{"line":194,"column":null}},"type":"switch","locations":[{"start":{"line":174,"column":8},"end":{"line":175,"column":null}},{"start":{"line":176,"column":8},"end":{"line":177,"column":null}},{"start":{"line":178,"column":8},"end":{"line":179,"column":null}},{"start":{"line":180,"column":8},"end":{"line":181,"column":null}},{"start":{"line":182,"column":8},"end":{"line":183,"column":null}},{"start":{"line":184,"column":8},"end":{"line":185,"column":null}},{"start":{"line":186,"column":8},"end":{"line":187,"column":null}},{"start":{"line":188,"column":8},"end":{"line":189,"column":null}},{"start":{"line":190,"column":8},"end":{"line":191,"column":null}},{"start":{"line":192,"column":8},"end":{"line":193,"column":null}}]},"9":{"loc":{"start":{"line":203,"column":45},"end":{"line":203,"column":119}},"type":"cond-expr","locations":[{"start":{"line":203,"column":80},"end":{"line":203,"column":99}},{"start":{"line":203,"column":102},"end":{"line":203,"column":119}}]},"10":{"loc":{"start":{"line":203,"column":45},"end":{"line":203,"column":77}},"type":"cond-expr","locations":[{"start":{"line":203,"column":56},"end":{"line":203,"column":58}},{"start":{"line":203,"column":45},"end":{"line":203,"column":77}}]},"11":{"loc":{"start":{"line":203,"column":45},"end":{"line":203,"column":58}},"type":"binary-expr","locations":[{"start":{"line":203,"column":45},"end":{"line":203,"column":58}},{"start":{"line":203,"column":45},"end":{"line":203,"column":58}}]}},"s":{"0":1,"1":1,"2":1,"3":1,"4":154,"5":22,"6":22,"7":1,"8":20,"9":1,"10":0,"11":22,"12":1,"13":20,"14":1,"15":0,"16":22,"17":1,"18":20,"19":1,"20":0,"21":22,"22":14,"23":1,"24":1,"25":1,"26":1,"27":1,"28":1,"29":1,"30":1,"31":0,"32":22,"33":14,"34":1,"35":1,"36":1,"37":1,"38":1,"39":1,"40":1,"41":1,"42":0,"43":22,"44":14,"45":1,"46":1,"47":1,"48":1,"49":1,"50":1,"51":1,"52":1,"53":0,"54":22,"55":14,"56":1,"57":1,"58":1,"59":1,"60":1,"61":1,"62":1,"63":1,"64":0,"65":22,"66":14,"67":1,"68":1,"69":1,"70":1,"71":1,"72":1,"73":1,"74":1,"75":0,"76":22},"f":{"0":154,"1":22,"2":22,"3":22,"4":22,"5":22,"6":22,"7":22,"8":22,"9":22,"10":22},"b":{"0":[2,20],"1":[1,20,1,0],"2":[1,20,1,0],"3":[1,20,1,0],"4":[14,1,1,1,1,1,1,1,1,0],"5":[14,1,1,1,1,1,1,1,1,0],"6":[14,1,1,1,1,1,1,1,1,0],"7":[14,1,1,1,1,1,1,1,1,0],"8":[14,1,1,1,1,1,1,1,1,0],"9":[17,5],"10":[0,22],"11":[22,22]}}
,"/Users/gabrielsantos/Dev/awesome-gcl/src/styles/index.ts": {"path":"/Users/gabrielsantos/Dev/awesome-gcl/src/styles/index.ts","statementMap":{"0":{"start":{"line":1,"column":0},"end":{"line":1,"column":23}}},"fnMap":{},"branchMap":{},"s":{"0":1},"f":{},"b":{}}
,"/Users/gabrielsantos/Dev/awesome-gcl/src/styles/theme.ts": {"path":"/Users/gabrielsantos/Dev/awesome-gcl/src/styles/theme.ts","statementMap":{"0":{"start":{"line":1,"column":13},"end":{"line":41,"column":null}}},"fnMap":{},"branchMap":{},"s":{"0":1},"f":{},"b":{}}
,"/Users/gabrielsantos/Dev/awesome-gcl/src/utils/index.ts": {"path":"/Users/gabrielsantos/Dev/awesome-gcl/src/utils/index.ts","statementMap":{"0":{"start":{"line":1,"column":0},"end":{"line":1,"column":23}}},"fnMap":{},"branchMap":{},"s":{"0":1},"f":{},"b":{}}
,"/Users/gabrielsantos/Dev/awesome-gcl/src/utils/toRem.ts": {"path":"/Users/gabrielsantos/Dev/awesome-gcl/src/utils/toRem.ts","statementMap":{"0":{"start":{"line":1,"column":21},"end":{"line":1,"column":66}},"1":{"start":{"line":1,"column":48},"end":{"line":1,"column":66}},"2":{"start":{"line":1,"column":13},"end":{"line":1,"column":21}}},"fnMap":{"0":{"name":"(anonymous_0)","decl":{"start":{"line":1,"column":21},"end":{"line":1,"column":22}},"loc":{"start":{"line":1,"column":48},"end":{"line":1,"column":66}}}},"branchMap":{},"s":{"0":1,"1":106,"2":1},"f":{"0":106},"b":{}}
}
