TN:
SF:src/components/Button/index.tsx
FN:5,(anonymous_7)
FNF:1
FNH:1
FNDA:22,(anonymous_7)
DA:1,1
DA:2,1
DA:5,1
DA:14,22
LF:4
LH:4
BRDA:7,0,0,20
BRDA:8,1,0,19
BRDA:9,2,0,13
BRDA:11,3,0,20
BRF:4
BRH:4
end_of_record
TN:
SF:src/components/Button/styles.ts
FN:17,(anonymous_1)
FN:19,(anonymous_2)
FN:29,(anonymous_3)
FN:42,(anonymous_4)
FN:55,(anonymous_5)
FN:71,(anonymous_6)
FN:96,(anonymous_7)
FN:121,(anonymous_8)
FN:147,(anonymous_9)
FN:172,(anonymous_10)
FN:203,(anonymous_11)
FNF:11
FNH:11
FNDA:154,(anonymous_1)
FNDA:22,(anonymous_2)
FNDA:22,(anonymous_3)
FNDA:22,(anonymous_4)
FNDA:22,(anonymous_5)
FNDA:22,(anonymous_6)
FNDA:22,(anonymous_7)
FNDA:22,(anonymous_8)
FNDA:22,(anonymous_9)
FNDA:22,(anonymous_10)
FNDA:22,(anonymous_11)
DA:1,1
DA:3,1
DA:4,1
DA:16,1
DA:17,154
DA:19,22
DA:30,22
DA:32,1
DA:34,20
DA:36,1
DA:38,0
DA:43,22
DA:45,1
DA:47,20
DA:49,1
DA:51,0
DA:56,22
DA:58,1
DA:60,20
DA:62,1
DA:64,0
DA:72,22
DA:74,14
DA:76,1
DA:78,1
DA:80,1
DA:82,1
DA:84,1
DA:86,1
DA:88,1
DA:90,1
DA:92,0
DA:97,22
DA:99,14
DA:101,1
DA:103,1
DA:105,1
DA:107,1
DA:109,1
DA:111,1
DA:113,1
DA:115,1
DA:117,0
DA:122,22
DA:124,14
DA:126,1
DA:128,1
DA:130,1
DA:132,1
DA:134,1
DA:136,1
DA:138,1
DA:140,1
DA:142,0
DA:148,22
DA:150,14
DA:152,1
DA:154,1
DA:156,1
DA:158,1
DA:160,1
DA:162,1
DA:164,1
DA:166,1
DA:168,0
DA:173,22
DA:175,14
DA:177,1
DA:179,1
DA:181,1
DA:183,1
DA:185,1
DA:187,1
DA:189,1
DA:191,1
DA:193,0
DA:203,22
LF:77
LH:69
BRDA:19,0,0,2
BRDA:19,0,1,20
BRDA:30,1,0,1
BRDA:30,1,1,20
BRDA:30,1,2,1
BRDA:30,1,3,0
BRDA:43,2,0,1
BRDA:43,2,1,20
BRDA:43,2,2,1
BRDA:43,2,3,0
BRDA:56,3,0,1
BRDA:56,3,1,20
BRDA:56,3,2,1
BRDA:56,3,3,0
BRDA:72,4,0,14
BRDA:72,4,1,1
BRDA:72,4,2,1
BRDA:72,4,3,1
BRDA:72,4,4,1
BRDA:72,4,5,1
BRDA:72,4,6,1
BRDA:72,4,7,1
BRDA:72,4,8,1
BRDA:72,4,9,0
BRDA:97,5,0,14
BRDA:97,5,1,1
BRDA:97,5,2,1
BRDA:97,5,3,1
BRDA:97,5,4,1
BRDA:97,5,5,1
BRDA:97,5,6,1
BRDA:97,5,7,1
BRDA:97,5,8,1
BRDA:97,5,9,0
BRDA:122,6,0,14
BRDA:122,6,1,1
BRDA:122,6,2,1
BRDA:122,6,3,1
BRDA:122,6,4,1
BRDA:122,6,5,1
BRDA:122,6,6,1
BRDA:122,6,7,1
BRDA:122,6,8,1
BRDA:122,6,9,0
BRDA:148,7,0,14
BRDA:148,7,1,1
BRDA:148,7,2,1
BRDA:148,7,3,1
BRDA:148,7,4,1
BRDA:148,7,5,1
BRDA:148,7,6,1
BRDA:148,7,7,1
BRDA:148,7,8,1
BRDA:148,7,9,0
BRDA:173,8,0,14
BRDA:173,8,1,1
BRDA:173,8,2,1
BRDA:173,8,3,1
BRDA:173,8,4,1
BRDA:173,8,5,1
BRDA:173,8,6,1
BRDA:173,8,7,1
BRDA:173,8,8,1
BRDA:173,8,9,0
BRDA:203,9,0,17
BRDA:203,9,1,5
BRDA:203,10,0,0
BRDA:203,10,1,22
BRDA:203,11,0,22
BRDA:203,11,1,22
BRF:70
BRH:61
end_of_record
TN:
SF:src/styles/index.ts
FNF:0
FNH:0
DA:1,1
LF:1
LH:1
BRF:0
BRH:0
end_of_record
TN:
SF:src/styles/theme.ts
FNF:0
FNH:0
DA:1,1
LF:1
LH:1
BRF:0
BRH:0
end_of_record
TN:
SF:src/utils/index.ts
FNF:0
FNH:0
DA:1,1
LF:1
LH:1
BRF:0
BRH:0
end_of_record
TN:
SF:src/utils/toRem.ts
FN:1,(anonymous_0)
FNF:1
FNH:1
FNDA:106,(anonymous_0)
DA:1,106
LF:1
LH:1
BRF:0
BRH:0
end_of_record
