TN:
SF:src/components/Button/index.tsx
FN:5,(anonymous_7)
FNF:1
FNH:1
FNDA:22,(anonymous_7)
DA:1,1
DA:2,1
DA:5,1
DA:14,22
LF:4
LH:4
BRDA:7,0,0,20
BRDA:8,1,0,19
BRDA:9,2,0,13
BRDA:11,3,0,20
BRF:4
BRH:4
end_of_record
TN:
SF:src/components/Button/styles.ts
FN:17,(anonymous_1)
FN:19,(anonymous_2)
FN:29,(anonymous_3)
FN:40,(anonymous_4)
FN:51,(anonymous_5)
FN:65,(anonymous_6)
FN:88,(anonymous_7)
FN:111,(anonymous_8)
FN:135,(anonymous_9)
FN:158,(anonymous_10)
FN:187,(anonymous_11)
FNF:11
FNH:11
FNDA:154,(anonymous_1)
FNDA:22,(anonymous_2)
FNDA:22,(anonymous_3)
FNDA:22,(anonymous_4)
FNDA:22,(anonymous_5)
FNDA:22,(anonymous_6)
FNDA:22,(anonymous_7)
FNDA:22,(anonymous_8)
FNDA:22,(anonymous_9)
FNDA:22,(anonymous_10)
FNDA:22,(anonymous_11)
DA:1,1
DA:3,1
DA:4,1
DA:16,1
DA:17,154
DA:19,22
DA:30,22
DA:32,1
DA:34,20
DA:36,1
DA:41,22
DA:43,1
DA:45,20
DA:47,1
DA:52,22
DA:54,1
DA:56,20
DA:58,1
DA:66,22
DA:68,14
DA:70,1
DA:72,1
DA:74,1
DA:76,1
DA:78,1
DA:80,1
DA:82,1
DA:84,1
DA:89,22
DA:91,14
DA:93,1
DA:95,1
DA:97,1
DA:99,1
DA:101,1
DA:103,1
DA:105,1
DA:107,1
DA:112,22
DA:114,14
DA:116,1
DA:118,1
DA:120,1
DA:122,1
DA:124,1
DA:126,1
DA:128,1
DA:130,1
DA:136,22
DA:138,14
DA:140,1
DA:142,1
DA:144,1
DA:146,1
DA:148,1
DA:150,1
DA:152,1
DA:154,1
DA:159,22
DA:161,14
DA:163,1
DA:165,1
DA:167,1
DA:169,1
DA:171,1
DA:173,1
DA:175,1
DA:177,1
DA:187,22
LF:69
LH:69
BRDA:19,0,0,2
BRDA:19,0,1,20
BRDA:30,1,0,1
BRDA:30,1,1,20
BRDA:30,1,2,1
BRDA:41,2,0,1
BRDA:41,2,1,20
BRDA:41,2,2,1
BRDA:52,3,0,1
BRDA:52,3,1,20
BRDA:52,3,2,1
BRDA:66,4,0,14
BRDA:66,4,1,1
BRDA:66,4,2,1
BRDA:66,4,3,1
BRDA:66,4,4,1
BRDA:66,4,5,1
BRDA:66,4,6,1
BRDA:66,4,7,1
BRDA:66,4,8,1
BRDA:89,5,0,14
BRDA:89,5,1,1
BRDA:89,5,2,1
BRDA:89,5,3,1
BRDA:89,5,4,1
BRDA:89,5,5,1
BRDA:89,5,6,1
BRDA:89,5,7,1
BRDA:89,5,8,1
BRDA:112,6,0,14
BRDA:112,6,1,1
BRDA:112,6,2,1
BRDA:112,6,3,1
BRDA:112,6,4,1
BRDA:112,6,5,1
BRDA:112,6,6,1
BRDA:112,6,7,1
BRDA:112,6,8,1
BRDA:136,7,0,14
BRDA:136,7,1,1
BRDA:136,7,2,1
BRDA:136,7,3,1
BRDA:136,7,4,1
BRDA:136,7,5,1
BRDA:136,7,6,1
BRDA:136,7,7,1
BRDA:136,7,8,1
BRDA:159,8,0,14
BRDA:159,8,1,1
BRDA:159,8,2,1
BRDA:159,8,3,1
BRDA:159,8,4,1
BRDA:159,8,5,1
BRDA:159,8,6,1
BRDA:159,8,7,1
BRDA:159,8,8,1
BRDA:187,9,0,17
BRDA:187,9,1,5
BRDA:187,10,0,0
BRDA:187,10,1,22
BRDA:187,11,0,22
BRDA:187,11,1,22
BRF:62
BRH:61
end_of_record
TN:
SF:src/styles/index.ts
FNF:0
FNH:0
DA:1,1
LF:1
LH:1
BRF:0
BRH:0
end_of_record
TN:
SF:src/styles/theme.ts
FNF:0
FNH:0
DA:1,1
LF:1
LH:1
BRF:0
BRH:0
end_of_record
TN:
SF:src/utils/index.ts
FNF:0
FNH:0
DA:1,1
LF:1
LH:1
BRF:0
BRH:0
end_of_record
TN:
SF:src/utils/toRem.ts
FN:1,(anonymous_0)
FNF:1
FNH:1
FNDA:106,(anonymous_0)
DA:1,106
LF:1
LH:1
BRF:0
BRH:0
end_of_record
